<?xml version="1.0" encoding="UTF-8"?>
<testsuite xmlns:xsi="http://www.w3.org/2001/XMLSchema-instance" xsi:noNamespaceSchemaLocation="https://maven.apache.org/surefire/maven-surefire-plugin/xsd/surefire-test-report-3.0.xsd" version="3.0" name="no.hvl.dat110.unit.tests.TestFindSuccessor" time="27.429" tests="1" errors="0" skipped="0" failures="0">
  <properties>
[...]
</properties>
  <testcase name="test" classname="no.hvl.dat110.unit.tests.TestFindSuccessor" time="0.065">
    <system-out><![CDATA[2025-03-24 21:47:52 INFO  NodeServer:50 - process1 server is running... 
process1:9091
2025-03-24 21:47:52 INFO  ChordProtocols:109 - New ring created. Node = process1 | Successor = process1 | Predecessor = null
2025-03-24 21:47:54 INFO  NodeServer:50 - process2 server is running... 
process1:9091
2025-03-24 21:47:54 INFO  ChordProtocols:69 - JoinRing-randomNode = process1
2025-03-24 21:47:54 INFO  ChordProtocols:159 - Fixing the FingerTable for the Node: process2
2025-03-24 21:47:54 INFO  ChordLookup:94 - copy file keys that are <= process2 from successor process1 to process2
2025-03-24 21:47:54 INFO  ChordLookup:111 - Finished copying file keys from successor process1 to process2
2025-03-24 21:47:54 INFO  ChordProtocols:87 - process2 is between null | process1
2025-03-24 21:47:56 INFO  NodeServer:50 - process3 server is running... 
process1:9091
2025-03-24 21:47:56 INFO  ChordProtocols:69 - JoinRing-randomNode = process1
2025-03-24 21:47:56 INFO  ChordProtocols:159 - Fixing the FingerTable for the Node: process3
2025-03-24 21:47:56 INFO  ChordLookup:94 - copy file keys that are <= process3 from successor process1 to process3
2025-03-24 21:47:56 INFO  ChordLookup:111 - Finished copying file keys from successor process1 to process3
2025-03-24 21:47:56 INFO  ChordProtocols:87 - process3 is between null | process1
2025-03-24 21:47:57 INFO  StabilizationProtocols:130 - Updating the successor for Node: process1
2025-03-24 21:47:57 INFO  StabilizationProtocols:165 - Finished updating the successor for Node: process1
2025-03-24 21:47:57 INFO  StabilizationProtocols:84 - Stabilizing ring from process1...
2025-03-24 21:47:57 INFO  StabilizationProtocols:91 - Stabilize ring: succnode = process1
2025-03-24 21:47:57 INFO  StabilizationProtocols:113 - Finished stabilizing chordring from process1
2025-03-24 21:47:57 INFO  ChordProtocols:159 - Fixing the FingerTable for the Node: process1
2025-03-24 21:47:57 INFO  StabilizationProtocols:60 - Checking the predecessor for Node: process1
==================================
Node Identifier = 53937554629190552131995290006614509577
Node IP address = process1
successor(process1) = process1
predecessor(process1) = process2
Current File keys for process1 => []
==================================
2025-03-24 21:47:58 INFO  NodeServer:50 - process4 server is running... 
process1:9091
2025-03-24 21:47:58 INFO  ChordProtocols:69 - JoinRing-randomNode = process1
2025-03-24 21:47:58 INFO  ChordProtocols:159 - Fixing the FingerTable for the Node: process4
2025-03-24 21:47:58 INFO  ChordLookup:94 - copy file keys that are <= process4 from successor process1 to process4
2025-03-24 21:47:58 INFO  ChordLookup:111 - Finished copying file keys from successor process1 to process4
2025-03-24 21:47:58 INFO  ChordProtocols:87 - process4 is between null | process1
2025-03-24 21:47:59 INFO  StabilizationProtocols:130 - Updating the successor for Node: process1
2025-03-24 21:47:59 INFO  StabilizationProtocols:165 - Finished updating the successor for Node: process1
2025-03-24 21:47:59 INFO  StabilizationProtocols:84 - Stabilizing ring from process1...
2025-03-24 21:47:59 INFO  StabilizationProtocols:91 - Stabilize ring: succnode = process2
2025-03-24 21:47:59 INFO  StabilizationProtocols:113 - Finished stabilizing chordring from process1
2025-03-24 21:47:59 INFO  ChordProtocols:159 - Fixing the FingerTable for the Node: process1
2025-03-24 21:47:59 INFO  StabilizationProtocols:60 - Checking the predecessor for Node: process1
==================================
Node Identifier = 53937554629190552131995290006614509577
Node IP address = process1
successor(process1) = process2
predecessor(process1) = process2
Current File keys for process1 => []
==================================
2025-03-24 21:47:59 INFO  StabilizationProtocols:130 - Updating the successor for Node: process2
2025-03-24 21:47:59 INFO  StabilizationProtocols:84 - Stabilizing ring from process2...
2025-03-24 21:47:59 INFO  StabilizationProtocols:91 - Stabilize ring: succnode = process1
2025-03-24 21:47:59 INFO  StabilizationProtocols:113 - Finished stabilizing chordring from process2
2025-03-24 21:47:59 INFO  ChordProtocols:159 - Fixing the FingerTable for the Node: process2
2025-03-24 21:47:59 INFO  StabilizationProtocols:60 - Checking the predecessor for Node: process2
==================================
Node Identifier = 15618062003214643351512781541041391612
Node IP address = process2
successor(process2) = process1
predecessor(process2) = process2
Current File keys for process2 => []
==================================
2025-03-24 21:48:00 INFO  NodeServer:50 - process5 server is running... 
process1:9091
2025-03-24 21:48:00 INFO  ChordProtocols:69 - JoinRing-randomNode = process1
2025-03-24 21:48:00 INFO  ChordProtocols:159 - Fixing the FingerTable for the Node: process5
2025-03-24 21:48:00 INFO  ChordLookup:94 - copy file keys that are <= process5 from successor process2 to process5
2025-03-24 21:48:00 INFO  ChordLookup:111 - Finished copying file keys from successor process2 to process5
2025-03-24 21:48:00 INFO  ChordProtocols:87 - process5 is between null | process2
2025-03-24 21:48:01 INFO  StabilizationProtocols:130 - Updating the successor for Node: process1
2025-03-24 21:48:01 INFO  StabilizationProtocols:165 - Finished updating the successor for Node: process1
2025-03-24 21:48:01 INFO  StabilizationProtocols:84 - Stabilizing ring from process1...
2025-03-24 21:48:01 INFO  StabilizationProtocols:91 - Stabilize ring: succnode = process5
2025-03-24 21:48:01 INFO  StabilizationProtocols:113 - Finished stabilizing chordring from process1
2025-03-24 21:48:01 INFO  ChordProtocols:159 - Fixing the FingerTable for the Node: process1
2025-03-24 21:48:01 INFO  StabilizationProtocols:60 - Checking the predecessor for Node: process1
==================================
Node Identifier = 53937554629190552131995290006614509577
Node IP address = process1
successor(process1) = process5
predecessor(process1) = process2
Current File keys for process1 => []
==================================
2025-03-24 21:48:01 INFO  StabilizationProtocols:130 - Updating the successor for Node: process2
2025-03-24 21:48:01 INFO  StabilizationProtocols:84 - Stabilizing ring from process2...
2025-03-24 21:48:01 INFO  StabilizationProtocols:91 - Stabilize ring: succnode = process1
2025-03-24 21:48:01 INFO  StabilizationProtocols:113 - Finished stabilizing chordring from process2
2025-03-24 21:48:01 INFO  ChordProtocols:159 - Fixing the FingerTable for the Node: process2
2025-03-24 21:48:01 INFO  StabilizationProtocols:60 - Checking the predecessor for Node: process2
==================================
Node Identifier = 15618062003214643351512781541041391612
Node IP address = process2
successor(process2) = process1
predecessor(process2) = process5
Current File keys for process2 => []
==================================
2025-03-24 21:48:01 INFO  StabilizationProtocols:130 - Updating the successor for Node: process3
2025-03-24 21:48:01 INFO  StabilizationProtocols:165 - Finished updating the successor for Node: process3
2025-03-24 21:48:01 INFO  StabilizationProtocols:84 - Stabilizing ring from process3...
2025-03-24 21:48:01 INFO  StabilizationProtocols:91 - Stabilize ring: succnode = process2
2025-03-24 21:48:01 INFO  ChordLookup:94 - copy file keys that are <= process3 from successor process2 to process3
2025-03-24 21:48:01 INFO  ChordLookup:111 - Finished copying file keys from successor process2 to process3
2025-03-24 21:48:01 INFO  StabilizationProtocols:113 - Finished stabilizing chordring from process3
2025-03-24 21:48:01 INFO  ChordProtocols:159 - Fixing the FingerTable for the Node: process3
2025-03-24 21:48:01 INFO  StabilizationProtocols:60 - Checking the predecessor for Node: process3
==================================
Node Identifier = 66910184482037901621933403444034052414
Node IP address = process3
successor(process3) = process5
predecessor(process3) = process3
Current File keys for process3 => []
==================================
2025-03-24 21:48:03 INFO  StabilizationProtocols:130 - Updating the successor for Node: process1
2025-03-24 21:48:03 INFO  StabilizationProtocols:165 - Finished updating the successor for Node: process1
2025-03-24 21:48:03 INFO  StabilizationProtocols:84 - Stabilizing ring from process1...
2025-03-24 21:48:03 INFO  StabilizationProtocols:91 - Stabilize ring: succnode = process3
2025-03-24 21:48:03 INFO  StabilizationProtocols:113 - Finished stabilizing chordring from process1
2025-03-24 21:48:03 INFO  ChordProtocols:159 - Fixing the FingerTable for the Node: process1
2025-03-24 21:48:03 INFO  StabilizationProtocols:60 - Checking the predecessor for Node: process1
==================================
Node Identifier = 53937554629190552131995290006614509577
Node IP address = process1
successor(process1) = process3
predecessor(process1) = process2
Current File keys for process1 => []
==================================
2025-03-24 21:48:03 INFO  StabilizationProtocols:130 - Updating the successor for Node: process2
2025-03-24 21:48:03 INFO  StabilizationProtocols:84 - Stabilizing ring from process2...
2025-03-24 21:48:03 INFO  StabilizationProtocols:91 - Stabilize ring: succnode = process1
2025-03-24 21:48:03 INFO  StabilizationProtocols:113 - Finished stabilizing chordring from process2
2025-03-24 21:48:03 INFO  ChordProtocols:159 - Fixing the FingerTable for the Node: process2
2025-03-24 21:48:03 INFO  StabilizationProtocols:60 - Checking the predecessor for Node: process2
==================================
Node Identifier = 15618062003214643351512781541041391612
Node IP address = process2
successor(process2) = process1
predecessor(process2) = process5
Current File keys for process2 => []
==================================
2025-03-24 21:48:03 INFO  StabilizationProtocols:130 - Updating the successor for Node: process3
2025-03-24 21:48:03 INFO  StabilizationProtocols:84 - Stabilizing ring from process3...
2025-03-24 21:48:03 INFO  StabilizationProtocols:91 - Stabilize ring: succnode = process5
2025-03-24 21:48:03 INFO  StabilizationProtocols:113 - Finished stabilizing chordring from process3
2025-03-24 21:48:03 INFO  ChordProtocols:159 - Fixing the FingerTable for the Node: process3
2025-03-24 21:48:03 INFO  StabilizationProtocols:60 - Checking the predecessor for Node: process3
==================================
Node Identifier = 66910184482037901621933403444034052414
Node IP address = process3
successor(process3) = process5
predecessor(process3) = process3
Current File keys for process3 => []
==================================
2025-03-24 21:48:03 INFO  StabilizationProtocols:130 - Updating the successor for Node: process4
2025-03-24 21:48:03 INFO  StabilizationProtocols:165 - Finished updating the successor for Node: process4
2025-03-24 21:48:03 INFO  StabilizationProtocols:84 - Stabilizing ring from process4...
2025-03-24 21:48:03 INFO  StabilizationProtocols:91 - Stabilize ring: succnode = process2
2025-03-24 21:48:03 INFO  StabilizationProtocols:113 - Finished stabilizing chordring from process4
2025-03-24 21:48:03 INFO  ChordProtocols:159 - Fixing the FingerTable for the Node: process4
2025-03-24 21:48:03 INFO  StabilizationProtocols:60 - Checking the predecessor for Node: process4
==================================
Node Identifier = 210821560651360572675896360671414673172
Node IP address = process4
successor(process4) = process2
predecessor(process4) = process4
Current File keys for process4 => []
==================================
2025-03-24 21:48:05 INFO  StabilizationProtocols:130 - Updating the successor for Node: process1
2025-03-24 21:48:05 INFO  StabilizationProtocols:165 - Finished updating the successor for Node: process1
2025-03-24 21:48:05 INFO  StabilizationProtocols:84 - Stabilizing ring from process1...
2025-03-24 21:48:05 INFO  StabilizationProtocols:91 - Stabilize ring: succnode = process3
2025-03-24 21:48:05 INFO  StabilizationProtocols:113 - Finished stabilizing chordring from process1
2025-03-24 21:48:05 INFO  ChordProtocols:159 - Fixing the FingerTable for the Node: process1
2025-03-24 21:48:05 INFO  StabilizationProtocols:60 - Checking the predecessor for Node: process1
==================================
Node Identifier = 53937554629190552131995290006614509577
Node IP address = process1
successor(process1) = process3
predecessor(process1) = process2
Current File keys for process1 => []
==================================
2025-03-24 21:48:05 INFO  StabilizationProtocols:130 - Updating the successor for Node: process2
2025-03-24 21:48:05 INFO  StabilizationProtocols:84 - Stabilizing ring from process2...
2025-03-24 21:48:05 INFO  StabilizationProtocols:91 - Stabilize ring: succnode = process1
2025-03-24 21:48:05 INFO  StabilizationProtocols:113 - Finished stabilizing chordring from process2
2025-03-24 21:48:05 INFO  ChordProtocols:159 - Fixing the FingerTable for the Node: process2
2025-03-24 21:48:05 INFO  StabilizationProtocols:60 - Checking the predecessor for Node: process2
==================================
Node Identifier = 15618062003214643351512781541041391612
Node IP address = process2
successor(process2) = process1
predecessor(process2) = process5
Current File keys for process2 => []
==================================
2025-03-24 21:48:05 INFO  StabilizationProtocols:130 - Updating the successor for Node: process3
2025-03-24 21:48:05 INFO  StabilizationProtocols:84 - Stabilizing ring from process3...
2025-03-24 21:48:05 INFO  StabilizationProtocols:91 - Stabilize ring: succnode = process5
2025-03-24 21:48:05 INFO  StabilizationProtocols:113 - Finished stabilizing chordring from process3
2025-03-24 21:48:05 INFO  ChordProtocols:159 - Fixing the FingerTable for the Node: process3
2025-03-24 21:48:05 INFO  StabilizationProtocols:60 - Checking the predecessor for Node: process3
==================================
Node Identifier = 66910184482037901621933403444034052414
Node IP address = process3
successor(process3) = process5
predecessor(process3) = process1
Current File keys for process3 => []
==================================
2025-03-24 21:48:05 INFO  StabilizationProtocols:130 - Updating the successor for Node: process4
2025-03-24 21:48:05 INFO  StabilizationProtocols:165 - Finished updating the successor for Node: process4
2025-03-24 21:48:05 INFO  StabilizationProtocols:84 - Stabilizing ring from process4...
2025-03-24 21:48:05 INFO  StabilizationProtocols:91 - Stabilize ring: succnode = process5
2025-03-24 21:48:05 INFO  ChordLookup:94 - copy file keys that are <= process4 from successor process5 to process4
2025-03-24 21:48:05 INFO  ChordLookup:111 - Finished copying file keys from successor process5 to process4
2025-03-24 21:48:05 INFO  StabilizationProtocols:113 - Finished stabilizing chordring from process4
2025-03-24 21:48:05 INFO  ChordProtocols:159 - Fixing the FingerTable for the Node: process4
2025-03-24 21:48:05 INFO  StabilizationProtocols:130 - Updating the successor for Node: process5
2025-03-24 21:48:05 INFO  StabilizationProtocols:84 - Stabilizing ring from process5...
2025-03-24 21:48:05 INFO  StabilizationProtocols:91 - Stabilize ring: succnode = process2
2025-03-24 21:48:05 INFO  StabilizationProtocols:60 - Checking the predecessor for Node: process4
==================================
Node Identifier = 210821560651360572675896360671414673172
Node IP address = process4
successor(process4) = process3
predecessor(process4) = process4
Current File keys for process4 => []
==================================
2025-03-24 21:48:05 INFO  StabilizationProtocols:113 - Finished stabilizing chordring from process5
2025-03-24 21:48:05 INFO  ChordProtocols:159 - Fixing the FingerTable for the Node: process5
2025-03-24 21:48:05 INFO  StabilizationProtocols:60 - Checking the predecessor for Node: process5
==================================
Node Identifier = 121411138451101288395601026024677976156
Node IP address = process5
successor(process5) = process2
predecessor(process5) = process3
Current File keys for process5 => []
==================================
2025-03-24 21:48:07 INFO  StabilizationProtocols:130 - Updating the successor for Node: process1
2025-03-24 21:48:07 INFO  StabilizationProtocols:84 - Stabilizing ring from process1...
2025-03-24 21:48:07 INFO  StabilizationProtocols:91 - Stabilize ring: succnode = process3
2025-03-24 21:48:07 INFO  StabilizationProtocols:113 - Finished stabilizing chordring from process1
2025-03-24 21:48:07 INFO  ChordProtocols:159 - Fixing the FingerTable for the Node: process1
2025-03-24 21:48:07 INFO  StabilizationProtocols:60 - Checking the predecessor for Node: process1
==================================
Node Identifier = 53937554629190552131995290006614509577
Node IP address = process1
successor(process1) = process3
predecessor(process1) = process2
Current File keys for process1 => []
==================================
2025-03-24 21:48:07 INFO  StabilizationProtocols:130 - Updating the successor for Node: process2
2025-03-24 21:48:07 INFO  StabilizationProtocols:84 - Stabilizing ring from process2...
2025-03-24 21:48:07 INFO  StabilizationProtocols:91 - Stabilize ring: succnode = process1
2025-03-24 21:48:07 INFO  StabilizationProtocols:113 - Finished stabilizing chordring from process2
2025-03-24 21:48:07 INFO  ChordProtocols:159 - Fixing the FingerTable for the Node: process2
2025-03-24 21:48:07 INFO  StabilizationProtocols:60 - Checking the predecessor for Node: process2
==================================
Node Identifier = 15618062003214643351512781541041391612
Node IP address = process2
successor(process2) = process1
predecessor(process2) = process5
Current File keys for process2 => []
==================================
2025-03-24 21:48:07 INFO  StabilizationProtocols:130 - Updating the successor for Node: process3
2025-03-24 21:48:07 INFO  StabilizationProtocols:84 - Stabilizing ring from process3...
2025-03-24 21:48:07 INFO  StabilizationProtocols:91 - Stabilize ring: succnode = process5
2025-03-24 21:48:07 INFO  StabilizationProtocols:113 - Finished stabilizing chordring from process3
2025-03-24 21:48:07 INFO  ChordProtocols:159 - Fixing the FingerTable for the Node: process3
2025-03-24 21:48:07 INFO  StabilizationProtocols:60 - Checking the predecessor for Node: process3
==================================
Node Identifier = 66910184482037901621933403444034052414
Node IP address = process3
successor(process3) = process5
predecessor(process3) = process1
Current File keys for process3 => []
==================================
2025-03-24 21:48:07 INFO  StabilizationProtocols:130 - Updating the successor for Node: process4
2025-03-24 21:48:07 INFO  StabilizationProtocols:165 - Finished updating the successor for Node: process4
2025-03-24 21:48:07 INFO  StabilizationProtocols:84 - Stabilizing ring from process4...
2025-03-24 21:48:07 INFO  StabilizationProtocols:91 - Stabilize ring: succnode = process1
2025-03-24 21:48:07 INFO  ChordLookup:94 - copy file keys that are <= process4 from successor process1 to process4
2025-03-24 21:48:07 INFO  ChordLookup:111 - Finished copying file keys from successor process1 to process4
2025-03-24 21:48:07 INFO  StabilizationProtocols:113 - Finished stabilizing chordring from process4
2025-03-24 21:48:07 INFO  ChordProtocols:159 - Fixing the FingerTable for the Node: process4
2025-03-24 21:48:07 INFO  StabilizationProtocols:60 - Checking the predecessor for Node: process4
==================================
Node Identifier = 210821560651360572675896360671414673172
Node IP address = process4
successor(process4) = process2
predecessor(process4) = process4
Current File keys for process4 => []
==================================
2025-03-24 21:48:07 INFO  StabilizationProtocols:130 - Updating the successor for Node: process5
2025-03-24 21:48:07 INFO  StabilizationProtocols:165 - Finished updating the successor for Node: process5
2025-03-24 21:48:07 INFO  StabilizationProtocols:84 - Stabilizing ring from process5...
2025-03-24 21:48:07 INFO  StabilizationProtocols:91 - Stabilize ring: succnode = process4
2025-03-24 21:48:07 INFO  StabilizationProtocols:113 - Finished stabilizing chordring from process5
2025-03-24 21:48:07 INFO  ChordProtocols:159 - Fixing the FingerTable for the Node: process5
2025-03-24 21:48:07 INFO  StabilizationProtocols:60 - Checking the predecessor for Node: process5
==================================
Node Identifier = 121411138451101288395601026024677976156
Node IP address = process5
successor(process5) = process4
predecessor(process5) = process3
Current File keys for process5 => []
==================================
2025-03-24 21:48:09 INFO  StabilizationProtocols:130 - Updating the successor for Node: process1
2025-03-24 21:48:09 INFO  StabilizationProtocols:84 - Stabilizing ring from process1...
2025-03-24 21:48:09 INFO  StabilizationProtocols:91 - Stabilize ring: succnode = process3
2025-03-24 21:48:09 INFO  StabilizationProtocols:113 - Finished stabilizing chordring from process1
2025-03-24 21:48:09 INFO  ChordProtocols:159 - Fixing the FingerTable for the Node: process1
2025-03-24 21:48:09 INFO  StabilizationProtocols:60 - Checking the predecessor for Node: process1
==================================
Node Identifier = 53937554629190552131995290006614509577
Node IP address = process1
successor(process1) = process3
predecessor(process1) = process2
Current File keys for process1 => []
==================================
2025-03-24 21:48:09 INFO  StabilizationProtocols:130 - Updating the successor for Node: process2
2025-03-24 21:48:09 INFO  StabilizationProtocols:84 - Stabilizing ring from process2...
2025-03-24 21:48:09 INFO  StabilizationProtocols:91 - Stabilize ring: succnode = process1
2025-03-24 21:48:09 INFO  StabilizationProtocols:113 - Finished stabilizing chordring from process2
2025-03-24 21:48:09 INFO  ChordProtocols:159 - Fixing the FingerTable for the Node: process2
2025-03-24 21:48:09 INFO  StabilizationProtocols:60 - Checking the predecessor for Node: process2
==================================
Node Identifier = 15618062003214643351512781541041391612
Node IP address = process2
successor(process2) = process1
predecessor(process2) = process4
Current File keys for process2 => []
==================================
2025-03-24 21:48:09 INFO  StabilizationProtocols:130 - Updating the successor for Node: process3
2025-03-24 21:48:09 INFO  StabilizationProtocols:84 - Stabilizing ring from process3...
2025-03-24 21:48:09 INFO  StabilizationProtocols:91 - Stabilize ring: succnode = process5
2025-03-24 21:48:09 INFO  StabilizationProtocols:113 - Finished stabilizing chordring from process3
2025-03-24 21:48:09 INFO  ChordProtocols:159 - Fixing the FingerTable for the Node: process3
2025-03-24 21:48:09 INFO  StabilizationProtocols:60 - Checking the predecessor for Node: process3
==================================
Node Identifier = 66910184482037901621933403444034052414
Node IP address = process3
successor(process3) = process5
predecessor(process3) = process1
Current File keys for process3 => []
==================================
2025-03-24 21:48:09 INFO  StabilizationProtocols:130 - Updating the successor for Node: process4
2025-03-24 21:48:09 INFO  StabilizationProtocols:84 - Stabilizing ring from process4...
2025-03-24 21:48:09 INFO  StabilizationProtocols:91 - Stabilize ring: succnode = process2
2025-03-24 21:48:09 INFO  StabilizationProtocols:113 - Finished stabilizing chordring from process4
2025-03-24 21:48:09 INFO  ChordProtocols:159 - Fixing the FingerTable for the Node: process4
2025-03-24 21:48:09 INFO  StabilizationProtocols:60 - Checking the predecessor for Node: process4
==================================
Node Identifier = 210821560651360572675896360671414673172
Node IP address = process4
successor(process4) = process2
predecessor(process4) = process4
Current File keys for process4 => []
==================================
2025-03-24 21:48:09 INFO  StabilizationProtocols:130 - Updating the successor for Node: process5
2025-03-24 21:48:09 INFO  StabilizationProtocols:165 - Finished updating the successor for Node: process5
2025-03-24 21:48:09 INFO  StabilizationProtocols:84 - Stabilizing ring from process5...
2025-03-24 21:48:09 INFO  StabilizationProtocols:91 - Stabilize ring: succnode = process4
2025-03-24 21:48:09 INFO  StabilizationProtocols:113 - Finished stabilizing chordring from process5
2025-03-24 21:48:09 INFO  ChordProtocols:159 - Fixing the FingerTable for the Node: process5
2025-03-24 21:48:09 INFO  StabilizationProtocols:60 - Checking the predecessor for Node: process5
==================================
Node Identifier = 121411138451101288395601026024677976156
Node IP address = process5
successor(process5) = process4
predecessor(process5) = process3
Current File keys for process5 => []
==================================
2025-03-24 21:48:11 INFO  StabilizationProtocols:130 - Updating the successor for Node: process1
2025-03-24 21:48:11 INFO  StabilizationProtocols:84 - Stabilizing ring from process1...
2025-03-24 21:48:11 INFO  StabilizationProtocols:91 - Stabilize ring: succnode = process3
2025-03-24 21:48:11 INFO  StabilizationProtocols:113 - Finished stabilizing chordring from process1
2025-03-24 21:48:11 INFO  ChordProtocols:159 - Fixing the FingerTable for the Node: process1
2025-03-24 21:48:11 INFO  StabilizationProtocols:60 - Checking the predecessor for Node: process1
==================================
Node Identifier = 53937554629190552131995290006614509577
Node IP address = process1
successor(process1) = process3
predecessor(process1) = process2
Current File keys for process1 => []
==================================
2025-03-24 21:48:11 INFO  StabilizationProtocols:130 - Updating the successor for Node: process2
2025-03-24 21:48:11 INFO  StabilizationProtocols:84 - Stabilizing ring from process2...
2025-03-24 21:48:11 INFO  StabilizationProtocols:91 - Stabilize ring: succnode = process1
2025-03-24 21:48:11 INFO  StabilizationProtocols:113 - Finished stabilizing chordring from process2
2025-03-24 21:48:11 INFO  ChordProtocols:159 - Fixing the FingerTable for the Node: process2
2025-03-24 21:48:11 INFO  StabilizationProtocols:60 - Checking the predecessor for Node: process2
==================================
Node Identifier = 15618062003214643351512781541041391612
Node IP address = process2
successor(process2) = process1
predecessor(process2) = process4
Current File keys for process2 => []
==================================
2025-03-24 21:48:11 INFO  StabilizationProtocols:130 - Updating the successor for Node: process3
2025-03-24 21:48:11 INFO  StabilizationProtocols:84 - Stabilizing ring from process3...
2025-03-24 21:48:11 INFO  StabilizationProtocols:91 - Stabilize ring: succnode = process5
2025-03-24 21:48:11 INFO  StabilizationProtocols:113 - Finished stabilizing chordring from process3
2025-03-24 21:48:11 INFO  ChordProtocols:159 - Fixing the FingerTable for the Node: process3
2025-03-24 21:48:11 INFO  StabilizationProtocols:60 - Checking the predecessor for Node: process3
==================================
Node Identifier = 66910184482037901621933403444034052414
Node IP address = process3
successor(process3) = process5
predecessor(process3) = process1
Current File keys for process3 => []
==================================
2025-03-24 21:48:11 INFO  StabilizationProtocols:130 - Updating the successor for Node: process4
2025-03-24 21:48:11 INFO  StabilizationProtocols:84 - Stabilizing ring from process4...
2025-03-24 21:48:11 INFO  StabilizationProtocols:91 - Stabilize ring: succnode = process2
2025-03-24 21:48:11 INFO  StabilizationProtocols:113 - Finished stabilizing chordring from process4
2025-03-24 21:48:11 INFO  ChordProtocols:159 - Fixing the FingerTable for the Node: process4
2025-03-24 21:48:11 INFO  StabilizationProtocols:60 - Checking the predecessor for Node: process4
==================================
Node Identifier = 210821560651360572675896360671414673172
Node IP address = process4
successor(process4) = process2
predecessor(process4) = process5
Current File keys for process4 => []
==================================
2025-03-24 21:48:11 INFO  StabilizationProtocols:130 - Updating the successor for Node: process5
2025-03-24 21:48:11 INFO  StabilizationProtocols:84 - Stabilizing ring from process5...
2025-03-24 21:48:11 INFO  StabilizationProtocols:91 - Stabilize ring: succnode = process4
2025-03-24 21:48:11 INFO  StabilizationProtocols:113 - Finished stabilizing chordring from process5
2025-03-24 21:48:11 INFO  ChordProtocols:159 - Fixing the FingerTable for the Node: process5
2025-03-24 21:48:11 INFO  StabilizationProtocols:60 - Checking the predecessor for Node: process5
==================================
Node Identifier = 121411138451101288395601026024677976156
Node IP address = process5
successor(process5) = process4
predecessor(process5) = process3
Current File keys for process5 => []
==================================
2025-03-24 21:48:12 INFO  FileManager:179 - filename=file1 size=0,121
2025-03-24 21:48:12 INFO  FileManager:179 - filename=file2 size=0,115
2025-03-24 21:48:12 INFO  FileManager:179 - filename=file3 size=0,115
2025-03-24 21:48:12 INFO  FileManager:179 - filename=file4 size=0,116
2025-03-24 21:48:12 INFO  FileManager:179 - filename=file5 size=0,116
2025-03-24 21:48:13 INFO  StabilizationProtocols:130 - Updating the successor for Node: process1
2025-03-24 21:48:13 INFO  StabilizationProtocols:84 - Stabilizing ring from process1...
2025-03-24 21:48:13 INFO  StabilizationProtocols:91 - Stabilize ring: succnode = process3
2025-03-24 21:48:13 INFO  StabilizationProtocols:113 - Finished stabilizing chordring from process1
2025-03-24 21:48:13 INFO  ChordProtocols:159 - Fixing the FingerTable for the Node: process1
2025-03-24 21:48:13 INFO  StabilizationProtocols:60 - Checking the predecessor for Node: process1
==================================
Node Identifier = 53937554629190552131995290006614509577
Node IP address = process1
successor(process1) = process3
predecessor(process1) = process2
Current File keys for process1 => []
==================================
2025-03-24 21:48:13 INFO  StabilizationProtocols:130 - Updating the successor for Node: process2
2025-03-24 21:48:13 INFO  StabilizationProtocols:84 - Stabilizing ring from process2...
2025-03-24 21:48:13 INFO  StabilizationProtocols:91 - Stabilize ring: succnode = process1
2025-03-24 21:48:13 INFO  StabilizationProtocols:113 - Finished stabilizing chordring from process2
2025-03-24 21:48:13 INFO  ChordProtocols:159 - Fixing the FingerTable for the Node: process2
2025-03-24 21:48:13 INFO  StabilizationProtocols:60 - Checking the predecessor for Node: process2
==================================
Node Identifier = 15618062003214643351512781541041391612
Node IP address = process2
successor(process2) = process1
predecessor(process2) = process4
Current File keys for process2 => []
==================================
2025-03-24 21:48:13 INFO  StabilizationProtocols:130 - Updating the successor for Node: process3
2025-03-24 21:48:13 INFO  StabilizationProtocols:84 - Stabilizing ring from process3...
2025-03-24 21:48:13 INFO  StabilizationProtocols:91 - Stabilize ring: succnode = process5
2025-03-24 21:48:13 INFO  StabilizationProtocols:113 - Finished stabilizing chordring from process3
2025-03-24 21:48:13 INFO  ChordProtocols:159 - Fixing the FingerTable for the Node: process3
2025-03-24 21:48:13 INFO  StabilizationProtocols:60 - Checking the predecessor for Node: process3
==================================
Node Identifier = 66910184482037901621933403444034052414
Node IP address = process3
successor(process3) = process5
predecessor(process3) = process1
Current File keys for process3 => []
==================================
2025-03-24 21:48:13 INFO  StabilizationProtocols:130 - Updating the successor for Node: process4
2025-03-24 21:48:13 INFO  StabilizationProtocols:84 - Stabilizing ring from process4...
2025-03-24 21:48:13 INFO  StabilizationProtocols:91 - Stabilize ring: succnode = process2
2025-03-24 21:48:13 INFO  StabilizationProtocols:113 - Finished stabilizing chordring from process4
2025-03-24 21:48:13 INFO  ChordProtocols:159 - Fixing the FingerTable for the Node: process4
2025-03-24 21:48:13 INFO  StabilizationProtocols:60 - Checking the predecessor for Node: process4
==================================
Node Identifier = 210821560651360572675896360671414673172
Node IP address = process4
successor(process4) = process2
predecessor(process4) = process5
Current File keys for process4 => []
==================================
2025-03-24 21:48:13 INFO  StabilizationProtocols:130 - Updating the successor for Node: process5
2025-03-24 21:48:13 INFO  StabilizationProtocols:84 - Stabilizing ring from process5...
2025-03-24 21:48:13 INFO  StabilizationProtocols:91 - Stabilize ring: succnode = process4
2025-03-24 21:48:13 INFO  StabilizationProtocols:113 - Finished stabilizing chordring from process5
2025-03-24 21:48:13 INFO  ChordProtocols:159 - Fixing the FingerTable for the Node: process5
2025-03-24 21:48:13 INFO  StabilizationProtocols:60 - Checking the predecessor for Node: process5
==================================
Node Identifier = 121411138451101288395601026024677976156
Node IP address = process5
successor(process5) = process4
predecessor(process5) = process3
Current File keys for process5 => []
==================================
2025-03-24 21:48:15 INFO  StabilizationProtocols:130 - Updating the successor for Node: process1
2025-03-24 21:48:15 INFO  StabilizationProtocols:84 - Stabilizing ring from process1...
2025-03-24 21:48:15 INFO  StabilizationProtocols:91 - Stabilize ring: succnode = process3
2025-03-24 21:48:15 INFO  StabilizationProtocols:113 - Finished stabilizing chordring from process1
2025-03-24 21:48:15 INFO  ChordProtocols:159 - Fixing the FingerTable for the Node: process1
2025-03-24 21:48:15 INFO  StabilizationProtocols:60 - Checking the predecessor for Node: process1
==================================
Node Identifier = 53937554629190552131995290006614509577
Node IP address = process1
successor(process1) = process3
predecessor(process1) = process2
Current File keys for process1 => []
==================================
2025-03-24 21:48:15 INFO  StabilizationProtocols:130 - Updating the successor for Node: process2
2025-03-24 21:48:15 INFO  StabilizationProtocols:84 - Stabilizing ring from process2...
2025-03-24 21:48:15 INFO  StabilizationProtocols:91 - Stabilize ring: succnode = process1
2025-03-24 21:48:15 INFO  StabilizationProtocols:113 - Finished stabilizing chordring from process2
2025-03-24 21:48:15 INFO  ChordProtocols:159 - Fixing the FingerTable for the Node: process2
2025-03-24 21:48:15 INFO  StabilizationProtocols:60 - Checking the predecessor for Node: process2
==================================
Node Identifier = 15618062003214643351512781541041391612
Node IP address = process2
successor(process2) = process1
predecessor(process2) = process4
Current File keys for process2 => []
==================================
2025-03-24 21:48:15 INFO  StabilizationProtocols:130 - Updating the successor for Node: process3
2025-03-24 21:48:15 INFO  StabilizationProtocols:84 - Stabilizing ring from process3...
2025-03-24 21:48:15 INFO  StabilizationProtocols:91 - Stabilize ring: succnode = process5
2025-03-24 21:48:15 INFO  StabilizationProtocols:113 - Finished stabilizing chordring from process3
2025-03-24 21:48:15 INFO  ChordProtocols:159 - Fixing the FingerTable for the Node: process3
2025-03-24 21:48:15 INFO  StabilizationProtocols:60 - Checking the predecessor for Node: process3
==================================
Node Identifier = 66910184482037901621933403444034052414
Node IP address = process3
successor(process3) = process5
predecessor(process3) = process1
Current File keys for process3 => []
==================================
2025-03-24 21:48:15 INFO  StabilizationProtocols:130 - Updating the successor for Node: process4
2025-03-24 21:48:15 INFO  StabilizationProtocols:84 - Stabilizing ring from process4...
2025-03-24 21:48:15 INFO  StabilizationProtocols:91 - Stabilize ring: succnode = process2
2025-03-24 21:48:15 INFO  StabilizationProtocols:113 - Finished stabilizing chordring from process4
2025-03-24 21:48:15 INFO  ChordProtocols:159 - Fixing the FingerTable for the Node: process4
2025-03-24 21:48:15 INFO  StabilizationProtocols:60 - Checking the predecessor for Node: process4
==================================
Node Identifier = 210821560651360572675896360671414673172
Node IP address = process4
successor(process4) = process2
predecessor(process4) = process5
Current File keys for process4 => []
==================================
2025-03-24 21:48:15 INFO  StabilizationProtocols:130 - Updating the successor for Node: process5
2025-03-24 21:48:15 INFO  StabilizationProtocols:84 - Stabilizing ring from process5...
2025-03-24 21:48:15 INFO  StabilizationProtocols:91 - Stabilize ring: succnode = process4
2025-03-24 21:48:15 INFO  StabilizationProtocols:113 - Finished stabilizing chordring from process5
2025-03-24 21:48:15 INFO  ChordProtocols:159 - Fixing the FingerTable for the Node: process5
2025-03-24 21:48:15 INFO  StabilizationProtocols:60 - Checking the predecessor for Node: process5
==================================
Node Identifier = 121411138451101288395601026024677976156
Node IP address = process5
successor(process5) = process4
predecessor(process5) = process3
Current File keys for process5 => []
==================================
2025-03-24 21:48:17 INFO  StabilizationProtocols:130 - Updating the successor for Node: process1
2025-03-24 21:48:17 INFO  StabilizationProtocols:84 - Stabilizing ring from process1...
2025-03-24 21:48:17 INFO  StabilizationProtocols:91 - Stabilize ring: succnode = process3
2025-03-24 21:48:17 INFO  StabilizationProtocols:113 - Finished stabilizing chordring from process1
2025-03-24 21:48:17 INFO  ChordProtocols:159 - Fixing the FingerTable for the Node: process1
2025-03-24 21:48:17 INFO  StabilizationProtocols:60 - Checking the predecessor for Node: process1
==================================
Node Identifier = 53937554629190552131995290006614509577
Node IP address = process1
successor(process1) = process3
predecessor(process1) = process2
Current File keys for process1 => []
==================================
2025-03-24 21:48:17 INFO  StabilizationProtocols:130 - Updating the successor for Node: process2
2025-03-24 21:48:17 INFO  StabilizationProtocols:84 - Stabilizing ring from process2...
2025-03-24 21:48:17 INFO  StabilizationProtocols:91 - Stabilize ring: succnode = process1
2025-03-24 21:48:17 INFO  StabilizationProtocols:113 - Finished stabilizing chordring from process2
2025-03-24 21:48:17 INFO  ChordProtocols:159 - Fixing the FingerTable for the Node: process2
2025-03-24 21:48:17 INFO  StabilizationProtocols:60 - Checking the predecessor for Node: process2
==================================
Node Identifier = 15618062003214643351512781541041391612
Node IP address = process2
successor(process2) = process1
predecessor(process2) = process4
Current File keys for process2 => []
==================================
2025-03-24 21:48:17 INFO  StabilizationProtocols:130 - Updating the successor for Node: process3
2025-03-24 21:48:17 INFO  StabilizationProtocols:84 - Stabilizing ring from process3...
2025-03-24 21:48:17 INFO  StabilizationProtocols:91 - Stabilize ring: succnode = process5
2025-03-24 21:48:17 INFO  StabilizationProtocols:113 - Finished stabilizing chordring from process3
2025-03-24 21:48:17 INFO  ChordProtocols:159 - Fixing the FingerTable for the Node: process3
2025-03-24 21:48:17 INFO  StabilizationProtocols:60 - Checking the predecessor for Node: process3
==================================
Node Identifier = 66910184482037901621933403444034052414
Node IP address = process3
successor(process3) = process5
predecessor(process3) = process1
Current File keys for process3 => []
==================================
2025-03-24 21:48:17 INFO  StabilizationProtocols:130 - Updating the successor for Node: process4
2025-03-24 21:48:17 INFO  StabilizationProtocols:84 - Stabilizing ring from process4...
2025-03-24 21:48:17 INFO  StabilizationProtocols:91 - Stabilize ring: succnode = process2
2025-03-24 21:48:17 INFO  StabilizationProtocols:113 - Finished stabilizing chordring from process4
2025-03-24 21:48:17 INFO  ChordProtocols:159 - Fixing the FingerTable for the Node: process4
2025-03-24 21:48:17 INFO  StabilizationProtocols:60 - Checking the predecessor for Node: process4
==================================
Node Identifier = 210821560651360572675896360671414673172
Node IP address = process4
successor(process4) = process2
predecessor(process4) = process5
Current File keys for process4 => []
==================================
2025-03-24 21:48:17 INFO  StabilizationProtocols:130 - Updating the successor for Node: process5
2025-03-24 21:48:17 INFO  StabilizationProtocols:84 - Stabilizing ring from process5...
2025-03-24 21:48:17 INFO  StabilizationProtocols:91 - Stabilize ring: succnode = process4
2025-03-24 21:48:17 INFO  StabilizationProtocols:113 - Finished stabilizing chordring from process5
2025-03-24 21:48:17 INFO  ChordProtocols:159 - Fixing the FingerTable for the Node: process5
2025-03-24 21:48:17 INFO  StabilizationProtocols:60 - Checking the predecessor for Node: process5
==================================
Node Identifier = 121411138451101288395601026024677976156
Node IP address = process5
successor(process5) = process4
predecessor(process5) = process3
Current File keys for process5 => []
==================================
]]></system-out>
  </testcase>
</testsuite>